[2025-06-11 14:09:19,056] [INFO] [conversation_evaluator] âœ… Loaded 15 conversations from ../sms_conversations.json
[2025-06-11 14:09:21,645] [INFO] [conversation_evaluator] âœ… Successfully imported app components
[2025-06-11 14:09:21,645] [INFO] [conversation_evaluator] ğŸš€ Starting evaluation of 2 conversations
[2025-06-11 14:09:21,645] [INFO] [conversation_evaluator] ğŸ“Š Processing conversation 1/2
[2025-06-11 14:09:21,645] [INFO] [conversation_evaluator] ğŸ¯ Evaluating conversation 1
[2025-06-11 14:09:21,689] [ERROR] [conversation_evaluator] âŒ Critical error evaluating conversation 1: Failed to load PDF: Error: PDF file not found at app/PythonDeveloperJobDescription.pdf
[2025-06-11 14:09:21,689] [INFO] [conversation_evaluator] ğŸ“Š Processing conversation 2/2
[2025-06-11 14:09:21,689] [INFO] [conversation_evaluator] ğŸ¯ Evaluating conversation 2
[2025-06-11 14:09:21,715] [ERROR] [conversation_evaluator] âŒ Critical error evaluating conversation 2: Failed to load PDF: Error: PDF file not found at app/PythonDeveloperJobDescription.pdf
[2025-06-11 14:09:21,715] [INFO] [conversation_evaluator] ğŸ“„ Report saved to test_report.md
